<?xml version="1.0" encoding="UTF-8"?>
<!-- Generated by org.testng.reporters.JUnitReportReporter -->
<testsuite hostname="DESKTOP-HPEUQME" failures="0" tests="1" name="testNGclasses.SampleTest1" time="0.034" errors="0" timestamp="2023-01-11T15:38:35 IST" skipped="0">
  <testcase classname="testNGclasses.SampleTest1" name="sample1" time="0.034"/>
  <system-out/>
</testsuite> <!-- testNGclasses.SampleTest1 -->
