<?xml version="1.0" encoding="UTF-8"?>
<!-- Generated by org.testng.reporters.JUnitReportReporter -->
<testsuite hostname="DESKTOP-HPEUQME" failures="0" tests="1" name="testNGclasses.SampleTest3" time="29.661" errors="0" timestamp="2023-01-12T10:56:42 IST" skipped="0">
  <testcase classname="testNGclasses.SampleTest3" name="sample5" time="29.661"/>
  <system-out/>
</testsuite> <!-- testNGclasses.SampleTest3 -->
