<?xml version="1.0" encoding="UTF-8"?>
<!-- Generated by org.testng.reporters.JUnitReportReporter -->
<testsuite hostname="DESKTOP-HPEUQME" failures="0" tests="1" name="testNGclasses.SampleTest2" time="29.661" errors="0" timestamp="2023-01-12T10:56:42 IST" skipped="0">
  <testcase classname="testNGclasses.SampleTest2" name="sample4" time="29.661"/>
  <system-out/>
</testsuite> <!-- testNGclasses.SampleTest2 -->
