<?xml version="1.0" encoding="UTF-8"?>
<!-- Generated by org.testng.reporters.JUnitReportReporter -->
<testsuite hostname="DESKTOP-HPEUQME" failures="0" tests="1" name="testNGclasses.NewTest" time="23.529" errors="0" timestamp="2023-01-09T22:44:23 IST" skipped="0">
  <testcase classname="testNGclasses.NewTest" name="transport" time="23.529"/>
  <system-out/>
</testsuite> <!-- testNGclasses.NewTest -->
